<?xml version="1.0" encoding="UTF-8"?>
<!-- Generated by org.testng.reporters.JUnitXMLReporter -->
<testsuite hostname="DESKTOP-SMR1PUS" ignored="0" name="Test" tests="1" failures="1" timestamp="2020-03-30T10:14:01 IST" time="0.478" errors="0">
  <testcase name="loginToWordpress" time="0.451" classname="cts.miniproject.test.DdExcelWordpressLogin">
    <failure type="org.testng.internal.reflect.MethodMatcherException" message="
[public void cts.miniproject.test.DdExcelWordpressLogin.loginToWordpress(java.lang.String,java.lang.String) throws java.lang.Exception] has no parameters defined but was found to be using a data provider (either explicitly specified or inherited from class level annotation).
Data provider mismatch
Method: loginToWordpress([Parameter{index=0, type=java.lang.String, declaredAnnotations=[]}, Parameter{index=1, type=java.lang.String, declaredAnnotations=[]}])
Arguments: [(java.lang.String) vdfvfdfdgfdgdgfg,(java.lang.String) fdgfdgdfgf,null]">
      <![CDATA[org.testng.internal.reflect.MethodMatcherException: 
[public void cts.miniproject.test.DdExcelWordpressLogin.loginToWordpress(java.lang.String,java.lang.String) throws java.lang.Exception] has no parameters defined but was found to be using a data provider (either explicitly specified or inherited from class level annotation).
Data provider mismatch
Method: loginToWordpress([Parameter{index=0, type=java.lang.String, declaredAnnotations=[]}, Parameter{index=1, type=java.lang.String, declaredAnnotations=[]}])
Arguments: [(java.lang.String) vdfvfdfdgfdgdgfg,(java.lang.String) fdgfdgdfgf,null]
at java.util.ArrayList.forEach(Unknown Source)
... Removed 22 stack frames]]>
    </failure>
  </testcase> <!-- loginToWordpress -->
</testsuite> <!-- Test -->
